16
33
50
66
83
100
117
134
150
167
184
201
218
234
251
268
16
32
49
66
83
100
116
133
150
167
184
200
217
234
251
267
284
301
51
101
151
201
252
302
40
80
119
159
179
219
258
298
338
5
10
15
20
25
30
36
41
46
51
56
61
66
71
76
82
87
92
97
102
107
112
117
122
128
133
138
143
148
153
158
163
168
174
179
184
189
194
199
204
209
215
220
225
230
235
240
246
251
256
261
266
271
277
282
287
292
297
302
16
33
50
66
83
100
117
134
150
167
184
201
218
234
251
268
285
301
51
101
152
202
252
303
39
79
119
158
198
238
277
317
6
11
16
21
27
32
37
43
48
53
58
64
69
74
80
85
90
96
101
106
112
117
122
128
133
138
144
149
154
160
165
170
176
181
186
192
197
202
208
213
218
224
229
234
240
245
251
256
261
267
272
277
283
288
293
299
304
16
33
49
66
83
100
116
133
150
167
184
200
217
234
251
267
284
301
50
101
151
202
252
302
40
80
120
140
179
219
259
299
339
5
10
15
20
26
31
36
41
46
52
57
62
67
72
78
83
88
93
98
104
109
114
119
124
130
135
140
145
150
156
161
166
171
176
182
187
192
197
202
208
213
218
223
228
234
239
244
249
254
260
265
270
275
280
286
291
296
301
16
33
50
67
83
100
117
134
150
167
184
201
218
234
251
268
285
302
50
100
151
201
252
302
39
79
118
158
198
238
278
298
337
5
11
16
21
26
31
37
42
47
52
57
63
68
73
78
83
89
94
99
104
109
115
120
125
130
135
141
146
151
156
162
167
172
177
182
188
193
198
203
209
214
219
224
229
235
240
245
250
255
261
266
271
276
281
287
292
297
302
16
33
50
67
83
100
117
134
150
167
184
201
218
234
251
268
285
302
50
100
151
201
251
302
39
79
119
159
199
219
239
259
299
339
5
10
16
21
26
32
37
42
48
53
58
63
69
74
79
85
90
95
101
106
111
117
122
127
133
138
143
149
154
159
164
170
175
180
186
191
196
202
207
212
218
223
228
234
239
244
249
255
260
265
271
276
281
286
292
297
302
16
33
50
66
83
100
117
134
150
167
184
201
217
234
251
268
285
301
51
101
152
202
252
303
39
78
118
158
197
237
276
316
5
10
15
21
26
31
36
42
47
52
57
63
68
73
79
84
89
95
100
105
110
116
121
126
132
137
142
147
153
158
163
169
174
179
184
190
195
200
206
211
216
221
227
232
237
242
248
253
258
264
269
274
279
285
290
295
300
306
16
32
49
66
83
99
116
133
150
167
183
200
217
234
250
267
284
301
50
101
151
201
252
302
40
80
119
159
199
238
278
317
5
11
16
21
26
31
37
42
47
52
57
63
68
73
78
83
88
94
99
104
109
114
119
124
130
135
140
145
150
155
161
166
171
176
181
186
192
197
202
207
212
217
223
228
233
238
243
248
254
259
264
269
274
279
284
291
296
301
16
33
50
66
83
100
117
134
150
167
184
201
217
234
251
268
285
301
51
101
152
202
252
303
40
79
99
139
178
198
238
277
317
5
11
16
21
27
32
37
43
48
53
59
64
69
75
80
85
90
96
101
106
112
117
122
127
133
138
143
149
154
159
165
170
175
181
186
191
196
202
207
212
217
223
228
233
238
244
249
254
260
265
270
275
281
286
291
296
302
16
32
49
66
83
99
116
133
150
167
183
200
217
234
251
267
284
301
50
101
151
201
252
302
40
79
119
158
197
237
276
316
5
10
15
20
25
30
36
41
46
51
56
61
67
72
77
82
87
92
97
103
108
113
118
123
128
134
139
144
149
154
159
164
170
175
180
185
190
196
201
206
211
216
221
227
232
237
242
247
252
258
263
268
273
278
283
289
294
299
304
16
33
50
66
83
100
117
133
150
167
184
201
217
234
251
268
285
301
51
101
151
202
252
303
39
78
118
157
196
236
275
315
5
10
16
21
26
31
37
42
47
53
58
63
68
74
79
84
90
95
100
106
111
116
121
127
132
137
143
148
153
159
164
169
174
180
185
190
196
201
206
211
217
222
227
233
238
243
248
254
259
264
269
275
280
285
291
296
301
16
33
50
67
83
100
117
134
150
167
184
201
218
234
251
268
285
301
51
101
152
202
252
303
40
79
119
139
179
218
257
297
337
5
10
15
21
26
31
36
42
47
52
57
63
68
73
79
84
89
95
100
105
111
116
121
126
132
137
142
148
153
158
163
169
174
179
185
190
195
201
206
211
217
222
227
233
238
243
249
254
259
265
270
275
280
286
291
296
302
16
32
49
66
83
100
116
133
150
167
183
200
217
234
251
267
284
301
50
101
151
202
252
302
20
60
100
139
179
218
257
297
336
5
10
16
21
26
31
36
41
47
52
57
62
67
72
78
83
88
93
98
104
109
114
119
124
129
134
140
145
150
155
160
165
171
176
181
186
192
197
202
207
212
218
223
228
233
238
243
249
254
259
264
269
274
280
285
290
295
300
305
16
33
50
67
83
100
117
134
151
167
184
201
218
235
251
268
285
302
50
100
151
201
252
302
40
79
118
158
197
237
276
316
5
10
15
20
26
31
36
41
46
51
57
62
67
72
77
83
88
93
98
103
108
114
120
125
130
136
141
146
151
156
162
167
172
177
182
188
193
198
203
208
213
219
224
229
234
239
245
250
255
260
265
270
276
281
286
291
296
301
16
33
50
67
83
100
117
134
151
167
184
201
218
234
251
268
285
302
50
100
151
201
252
302
39
79
119
139
159
199
239
259
299
339
5
10
15
21
26
31
36
41
46
52
57
62
67
72
78
83
88
93
98
103
109
114
119
124
130
135
140
145
150
156
161
166
171
176
181
186
192
197
202
207
212
218
223
228
233
238
244
249
254
259
264
270
275
280
285
290
295
301
16
32
49
66
83
99
116
133
150
167
183
200
217
234
251
267
284
301
50
101
151
201
252
302
40
79
119
159
199
218
238
278
317
6
11
16
22
27
32
37
43
48
53
59
64
69
75
80
85
90
96
101
106
112
117
122
127
133
138
143
148
154
159
164
170
175
180
185
191
196
201
206
212
217
222
228
233
238
243
249
254
259
264
270
275
280
286
291
296
301
